<?xml version='1.0' encoding='UTF-8'?>
<testsuite hostname="tsf-452-wpa-2-047.epfl.ch" name="alpine.typing.TyperTests" tests="55" errors="0" failures="0" skipped="0" time="0.157" timestamp="2024-05-22T14:49:57">
          <properties>
[...]
</properties>
          <testcase classname="alpine.typing.TyperTests" name="`visitRecord` should return the correct type of a #record(1) (3pts)" time="0.032">
                      
                    </testcase><testcase classname="alpine.typing.TyperTests" name="`visitRecord` should return the correct type of a #record(1, 2) (3pts)" time="0.0">
                      
                    </testcase><testcase classname="alpine.typing.TyperTests" name="`visitRecord` should return the correct type of a #record(1, 2, 3) (3pts)" time="0.0">
                      
                    </testcase><testcase classname="alpine.typing.TyperTests" name="`visitRecord` should return the correct type of a #record(&quot;a&quot;, true) (3pts)" time="0.001">
                      
                    </testcase><testcase classname="alpine.typing.TyperTests" name="`visitRecord` should constrain on the type of a #record(1) (3pts)" time="0.0">
                      
                    </testcase><testcase classname="alpine.typing.TyperTests" name="`visitRecord` should constrain on the type of a #record(1, 2) (3pts)" time="0.0">
                      
                    </testcase><testcase classname="alpine.typing.TyperTests" name="`visitRecord` should constrain on the type of a #record(1, 2, 3) (3pts)" time="0.001">
                      
                    </testcase><testcase classname="alpine.typing.TyperTests" name="`visitRecord` should constrain on the type of a #record(&quot;a&quot;, true) (3pts)" time="0.0">
                      
                    </testcase><testcase classname="alpine.typing.TyperTests" name="`visitApplication` adds an apply constraint with a known function (3pts)" time="0.003">
                      
                    </testcase><testcase classname="alpine.typing.TyperTests" name="`visitApplication` sets the type of the application to the return type of the function (3pts)" time="0.0">
                      
                    </testcase><testcase classname="alpine.typing.TyperTests" name="`visitPrefixApplication` adds an apply constraint with a known function (3pts)" time="0.001">
                      
                    </testcase><testcase classname="alpine.typing.TyperTests" name="`visitPrefixApplication` adds a constraint on the output type of the application (3pts)" time="0.001">
                      
                    </testcase><testcase classname="alpine.typing.TyperTests" name="`visitInfixApplication` adds an apply constraint with a known function (3pts)" time="0.001">
                      
                    </testcase><testcase classname="alpine.typing.TyperTests" name="`visitInfixApplication` adds a constraint on the output type of the application (3pts)" time="0.018">
                      
                    </testcase><testcase classname="alpine.typing.TyperTests" name="`visitConditional` should check that the condition is a boolean (3pts)" time="0.003">
                      
                    </testcase><testcase classname="alpine.typing.TyperTests" name="`visitConditional` should put an output type constraint on the conditional (3pts)" time="0.001">
                      
                    </testcase><testcase classname="alpine.typing.TyperTests" name="`visitLet` should put a constraint on the output (3pts)" time="0.005">
                      
                    </testcase><testcase classname="alpine.typing.TyperTests" name="`visitLambda` should work as intended (3pts)" time="0.007">
                      
                    </testcase><testcase classname="alpine.typing.TyperTests" name="`visitParenthesizedExpression` should add a constraint on the output type (3pts)" time="0.001">
                      
                    </testcase><testcase classname="alpine.typing.TyperTests" name="`visitAscribedExpression` should check if subtype for widening (3pts)" time="0.001">
                      
                    </testcase><testcase classname="alpine.typing.TyperTests" name="`visitAscribedExpression` should add a constraint that the type is optional if narrowing (3pts)" time="0.001">
                      
                    </testcase><testcase classname="alpine.typing.TyperTests" name="`visitAscribedExpression` should fail if not convertible if narrowing (3pts)" time="0.001">
                      
                    </testcase><testcase classname="alpine.typing.TyperTests" name="`visitAscribedExpression` should fail if not convertible if narrowing unconditionally (3pts)" time="0.001">
                      
                    </testcase><testcase classname="alpine.typing.TyperTests" name="`visitTypeIdentifier` should return the correct type of a type identifier (3pts)" time="0.0">
                      
                    </testcase><testcase classname="alpine.typing.TyperTests" name="`visitArrow` should return the correct type of an arrow (3pts)" time="0.0">
                      
                    </testcase><testcase classname="alpine.typing.TyperTests" name="`visitArrow` should return the correct type of an arrow (2) (3pts)" time="0.001">
                      
                    </testcase><testcase classname="alpine.typing.TyperTests" name="`visitParenthesizedType` should return the type that is inside the parentheses (3pts)" time="0.0">
                      
                    </testcase><testcase classname="alpine.typing.TyperTests" name="`visitRecordPattern` should return the correct type of a #record(1) (3pts)" time="0.0">
                      
                    </testcase><testcase classname="alpine.typing.TyperTests" name="A wildcard pattern can take any type (3pts)" time="0.001">
                      
                    </testcase><testcase classname="alpine.typing.TyperTests" name="`visitFunction` should return the correct type of a function (3pts)" time="0.002">
                      
                    </testcase><testcase classname="alpine.typing.TyperTests" name="`visitSelection` should typecheck a selection with an identifier selectee (3pts)" time="0.002">
                      
                    </testcase><testcase classname="alpine.typing.TyperTests" name="`visitSelection` should typecheck a selection with an integer selectee (3pts)" time="0.0">
                      
                    </testcase><testcase classname="alpine.typing.TyperTests" name="General test 1 (2pts)" time="0.001">
                      
                    </testcase><testcase classname="alpine.typing.TyperTests" name="General test 2 (playing with simple records) (2pts)" time="0.001">
                      
                    </testcase><testcase classname="alpine.typing.TyperTests" name="General test 2 (gcd function) (2pts)" time="0.008">
                      
                    </testcase><testcase classname="alpine.typing.TyperTests" name="General test 3 (overloading) (2pts)" time="0.005">
                      
                    </testcase><testcase classname="alpine.typing.TyperTests" name="General test 4 (overloading, bis) (2pts)" time="0.003">
                      
                    </testcase><testcase classname="alpine.typing.TyperTests" name="General test 5 (overloading on binary operators) (2pts)" time="0.003">
                      
                    </testcase><testcase classname="alpine.typing.TyperTests" name="General test 6 (overloading on unary operators) (2pts)" time="0.005">
                      
                    </testcase><testcase classname="alpine.typing.TyperTests" name="Default return type of function is unit (2pts)" time="0.003">
                      
                    </testcase><testcase classname="alpine.typing.TyperTests" name="General test 7 (conditionals) (2pts)" time="0.002">
                      
                    </testcase><testcase classname="alpine.typing.TyperTests" name="General test 8 (conditionals, bis) (2pts)" time="0.002">
                      
                    </testcase><testcase classname="alpine.typing.TyperTests" name="General test 9 (sum types) (2pts)" time="0.001">
                      
                    </testcase><testcase classname="alpine.typing.TyperTests" name="General test 10 (sum types, bis) (2pts)" time="0.002">
                      
                    </testcase><testcase classname="alpine.typing.TyperTests" name="General test 11 (applications) (2pts)" time="0.002">
                      
                    </testcase><testcase classname="alpine.typing.TyperTests" name="General test 12 (applications, bis) (2pts)" time="0.003">
                      
                    </testcase><testcase classname="alpine.typing.TyperTests" name="General test 13 (overloading functions) (2pts)" time="0.009">
                      
                    </testcase><testcase classname="alpine.typing.TyperTests" name="General test 14 (incompatible return type) (2pts)" time="0.004">
                      
                    </testcase><testcase classname="alpine.typing.TyperTests" name="General test 15 (selections) (2pts)" time="0.001">
                      
                    </testcase><testcase classname="alpine.typing.TyperTests" name="General test 16 (selections, bis) (2pts)" time="0.002">
                      
                    </testcase><testcase classname="alpine.typing.TyperTests" name="General test 17 (pattern matching) (2pts)" time="0.006">
                      
                    </testcase><testcase classname="alpine.typing.TyperTests" name="General test 18 (pattern matching, bis) (2pts)" time="0.003">
                      
                    </testcase><testcase classname="alpine.typing.TyperTests" name="General test 19 (pattern matching on values) (2pts)" time="0.003">
                      
                    </testcase><testcase classname="alpine.typing.TyperTests" name="General test 20 (pattern matching with invalid patterns) (2pts)" time="0.002">
                      
                    </testcase><testcase classname="alpine.typing.TyperTests" name="General test 21 (pattern matching with wildcard) (2pts)" time="0.001">
                      
                    </testcase>
          <system-out><![CDATA[]]></system-out>
          <system-err><![CDATA[]]></system-err>
        </testsuite>