<?xml version='1.0' encoding='UTF-8'?>
<testsuite hostname="tsf-452-wpa-2-047.epfl.ch" name="InterpreterTests" tests="49" errors="0" failures="4" skipped="0" time="0.191" timestamp="2024-05-22T14:49:57">
          <properties>
[...]
</properties>
          <testcase classname="InterpreterTests" name="Hello, World (3pts)!" time="0.073">
                      
                    </testcase><testcase classname="InterpreterTests" name="Parenthesized expressions are properly evaluated (3pts)" time="0.001">
                      
                    </testcase><testcase classname="InterpreterTests" name="Parenthesized expressions are properly evaluated, bis (3pts)" time="0.025">
                      
                    </testcase><testcase classname="InterpreterTests" name="Record fields can be accessed (3pts)" time="0.002">
                      
                    </testcase><testcase classname="InterpreterTests" name="Multiple records can be acccessed (3pts)" time="0.003">
                      
                    </testcase><testcase classname="InterpreterTests" name="Records fields are evaluated (3pts)" time="0.003">
                      
                    </testcase><testcase classname="InterpreterTests" name="Conditional expressions evaluates the correct branch (3pts)" time="0.003">
                      
                    </testcase><testcase classname="InterpreterTests" name="Conditional expressions evaluate the condition (3pts)" time="0.007">
                      
                    </testcase><testcase classname="InterpreterTests" name="Conditional expressions have a proper result (3pts)" time="0.001">
                      
                    </testcase><testcase classname="InterpreterTests" name="Function calls with no arguments (3pts)" time="0.002">
                      
                    </testcase><testcase classname="InterpreterTests" name="Function calls with a single argument (3pts)" time="0.001">
                      
                    </testcase><testcase classname="InterpreterTests" name="Function arguments are evaluated (3pts)" time="0.002">
                      
                    </testcase><testcase classname="InterpreterTests" name="Function calls with multiple arguments (3pts)" time="0.005">
                      
                    </testcase><testcase classname="InterpreterTests" name="Lambda functions can be called (3pts)" time="0.003">
                      
                    </testcase><testcase classname="InterpreterTests" name="Lambda functions capture the outer scope (3pts)" time="0.002">
                      
                    </testcase><testcase classname="InterpreterTests" name="Infix application with 1 + 1 (3pts)" time="0.003">
                      
                    </testcase><testcase classname="InterpreterTests" name="Infix application properly evaluates the LHS and RHS (3pts)" time="0.003">
                      
                    </testcase><testcase classname="InterpreterTests" name="Prefix application with !true (3pts)" time="0.001">
                      
                    </testcase><testcase classname="InterpreterTests" name="Prefix application with -42 (3pts)" time="0.002">
                      
                    </testcase><testcase classname="InterpreterTests" name="Let bindings are properly evaluated (3pts)" time="0.005">
                      <failure type="alpine.DiagnosticSet">alpine.DiagnosticSet
</failure>
                    </testcase><testcase classname="InterpreterTests" name="The first pattern that matches is branched into (2pts)" time="0.002">
                      
                    </testcase><testcase classname="InterpreterTests" name="Exact match on a record is selected (2pts)" time="0.009">
                      
                    </testcase><testcase classname="InterpreterTests" name="Patterns are evaluated (2pts)" time="0.003">
                      
                    </testcase><testcase classname="InterpreterTests" name="Bindings in pattern match are properly evaluated (2pts)" time="0.001">
                      
                    </testcase><testcase classname="InterpreterTests" name="Scrutinee is properly evaluated (2pts)" time="0.003">
                      
                    </testcase><testcase classname="InterpreterTests" name="Lambda functions capture the closest outer scope (3pts)" time="0.004">
                      <failure type="alpine.DiagnosticSet">alpine.DiagnosticSet
</failure>
                    </testcase><testcase classname="InterpreterTests" name="exit (3pts)" time="0.001">
                      
                    </testcase><testcase classname="InterpreterTests" name="print Boolean (3pts)" time="0.0">
                      
                    </testcase><testcase classname="InterpreterTests" name="print integer (3pts)" time="0.0">
                      
                    </testcase><testcase classname="InterpreterTests" name="print integer 2 (3pts)" time="0.002">
                      
                    </testcase><testcase classname="InterpreterTests" name="print float (3pts)" time="0.0">
                      
                    </testcase><testcase classname="InterpreterTests" name="print string (3pts)" time="0.001">
                      
                    </testcase><testcase classname="InterpreterTests" name="print record (3pts)" time="0.001">
                      
                    </testcase><testcase classname="InterpreterTests" name="lnot (3pts)" time="0.0">
                      
                    </testcase><testcase classname="InterpreterTests" name="land (3pts)" time="0.001">
                      
                    </testcase><testcase classname="InterpreterTests" name="inequality (3pts)" time="0.0">
                      
                    </testcase><testcase classname="InterpreterTests" name="equality (3pts)" time="0.001">
                      
                    </testcase><testcase classname="InterpreterTests" name="global constant (3pts)" time="0.001">
                      
                    </testcase><testcase classname="InterpreterTests" name="conditional (3pts)" time="0.0">
                      
                    </testcase><testcase classname="InterpreterTests" name="selection (3pts)" time="0.001">
                      
                    </testcase><testcase classname="InterpreterTests" name="let (3pts)" time="0.0">
                      <failure type="alpine.DiagnosticSet">alpine.DiagnosticSet
</failure>
                    </testcase><testcase classname="InterpreterTests" name="parenthesized (3pts)" time="0.001">
                      
                    </testcase><testcase classname="InterpreterTests" name="overloading (3pts)" time="0.002">
                      
                    </testcase><testcase classname="InterpreterTests" name="pattern matching with exact value (3pts)" time="0.003">
                      
                    </testcase><testcase classname="InterpreterTests" name="pattern matching with exact record (3pts)" time="0.002">
                      
                    </testcase><testcase classname="InterpreterTests" name="pattern matching with wildcard (3pts)" time="0.001">
                      
                    </testcase><testcase classname="InterpreterTests" name="pattern matching with unconstrained binding (3pts)" time="0.001">
                      
                    </testcase><testcase classname="InterpreterTests" name="pattern matching with constrained binding (3pts)" time="0.002">
                      
                    </testcase><testcase classname="InterpreterTests" name="lambda (3pts)" time="0.001">
                      <failure type="alpine.DiagnosticSet">alpine.DiagnosticSet
</failure>
                    </testcase>
          <system-out><![CDATA[]]></system-out>
          <system-err><![CDATA[]]></system-err>
        </testsuite>